0 info it worked if it ends with ok
1 verbose cli [ 'node', '/usr/local/bin/npm', 'install', 'coffee-scrit' ]
2 info using npm@1.4.28
3 info using node@v0.10.35
4 verbose readDependencies using package.json deps
5 verbose cache add [ 'coffee-scrit', null ]
6 verbose cache add name=undefined spec="coffee-scrit" args=["coffee-scrit",null]
7 verbose parsed url { protocol: null,
7 verbose parsed url   slashes: null,
7 verbose parsed url   auth: null,
7 verbose parsed url   host: null,
7 verbose parsed url   port: null,
7 verbose parsed url   hostname: null,
7 verbose parsed url   hash: null,
7 verbose parsed url   search: null,
7 verbose parsed url   query: null,
7 verbose parsed url   pathname: 'coffee-scrit',
7 verbose parsed url   path: 'coffee-scrit',
7 verbose parsed url   href: 'coffee-scrit' }
8 silly lockFile 27393c62-coffee-scrit coffee-scrit
9 verbose lock coffee-scrit /Users/coreyfg/.npm/27393c62-coffee-scrit.lock
10 silly lockFile 27393c62-coffee-scrit coffee-scrit
11 silly lockFile 27393c62-coffee-scrit coffee-scrit
12 verbose addNamed [ 'coffee-scrit', '' ]
13 verbose addNamed [ null, '*' ]
14 silly lockFile 55677a88-coffee-scrit coffee-scrit@
15 verbose lock coffee-scrit@ /Users/coreyfg/.npm/55677a88-coffee-scrit.lock
16 silly addNameRange { name: 'coffee-scrit', range: '*', hasData: false }
17 verbose request where is /coffee-scrit
18 verbose request registry https://registry.npmjs.org/
19 verbose request id cee6fc3891e2e605
20 verbose url raw /coffee-scrit
21 verbose url resolving [ 'https://registry.npmjs.org/', './coffee-scrit' ]
22 verbose url resolved https://registry.npmjs.org/coffee-scrit
23 verbose request where is https://registry.npmjs.org/coffee-scrit
24 info trying registry request attempt 1 at 15:18:00
25 http GET https://registry.npmjs.org/coffee-scrit
26 http 404 https://registry.npmjs.org/coffee-scrit
27 verbose headers { date: 'Sat, 18 Apr 2015 19:17:59 GMT',
27 verbose headers   server: 'CouchDB/1.5.0 (Erlang OTP/R16B03)',
27 verbose headers   'content-type': 'application/json',
27 verbose headers   'cache-control': 'max-age=0',
27 verbose headers   'content-length': '51',
27 verbose headers   'accept-ranges': 'bytes',
27 verbose headers   via: '1.1 varnish',
27 verbose headers   age: '0',
27 verbose headers   'x-served-by': 'cache-dfw1826-DFW',
27 verbose headers   'x-cache': 'MISS',
27 verbose headers   'x-cache-hits': '0',
27 verbose headers   'x-timer': 'S1429384679.375623,VS0,VE258',
27 verbose headers   'keep-alive': 'timeout=10, max=50',
27 verbose headers   connection: 'Keep-Alive' }
28 silly registry.get cb [ 404,
28 silly registry.get   { date: 'Sat, 18 Apr 2015 19:17:59 GMT',
28 silly registry.get     server: 'CouchDB/1.5.0 (Erlang OTP/R16B03)',
28 silly registry.get     'content-type': 'application/json',
28 silly registry.get     'cache-control': 'max-age=0',
28 silly registry.get     'content-length': '51',
28 silly registry.get     'accept-ranges': 'bytes',
28 silly registry.get     via: '1.1 varnish',
28 silly registry.get     age: '0',
28 silly registry.get     'x-served-by': 'cache-dfw1826-DFW',
28 silly registry.get     'x-cache': 'MISS',
28 silly registry.get     'x-cache-hits': '0',
28 silly registry.get     'x-timer': 'S1429384679.375623,VS0,VE258',
28 silly registry.get     'keep-alive': 'timeout=10, max=50',
28 silly registry.get     connection: 'Keep-Alive' } ]
29 silly lockFile 55677a88-coffee-scrit coffee-scrit@
30 silly lockFile 55677a88-coffee-scrit coffee-scrit@
31 error 404 404 Not Found: coffee-scrit
31 error 404
31 error 404 'coffee-scrit' is not in the npm registry.
31 error 404 You should bug the author to publish it
31 error 404 It was specified as a dependency of 'slack-scram'
31 error 404
31 error 404 Note that you can also install from a
31 error 404 tarball, folder, or http url, or git url.
32 error System Darwin 14.0.0
33 error command "node" "/usr/local/bin/npm" "install" "coffee-scrit"
34 error cwd /Users/coreyfg/Development/Scram/slack-scram
35 error node -v v0.10.35
36 error npm -v 1.4.28
37 error code E404
38 verbose exit [ 1, true ]
